2018-09-26 22:13:50 [127.0.0.1][-][-][error][yii\base\UnknownPropertyException] yii\base\UnknownPropertyException: Setting unknown property: yii\log\FileTarget::logFiles in D:\sites\project\gb-tracker\vendor\yiisoft\yii2\base\Component.php:209
Stack trace:
#0 D:\sites\project\gb-tracker\vendor\yiisoft\yii2\BaseYii.php(546): yii\base\Component->__set('logFiles', '@runtime/logs/a...')
#1 D:\sites\project\gb-tracker\vendor\yiisoft\yii2\base\BaseObject.php(107): yii\BaseYii::configure(Object(yii\log\FileTarget), Array)
#2 [internal function]: yii\base\BaseObject->__construct(Array)
#3 D:\sites\project\gb-tracker\vendor\yiisoft\yii2\di\Container.php(383): ReflectionClass->newInstanceArgs(Array)
#4 D:\sites\project\gb-tracker\vendor\yiisoft\yii2\di\Container.php(156): yii\di\Container->build('yii\\log\\FileTar...', Array, Array)
#5 D:\sites\project\gb-tracker\vendor\yiisoft\yii2\BaseYii.php(349): yii\di\Container->get('yii\\log\\FileTar...', Array, Array)
#6 D:\sites\project\gb-tracker\vendor\yiisoft\yii2\log\Dispatcher.php(102): yii\BaseYii::createObject(Array)
#7 D:\sites\project\gb-tracker\vendor\yiisoft\yii2\base\BaseObject.php(109): yii\log\Dispatcher->init()
#8 D:\sites\project\gb-tracker\vendor\yiisoft\yii2\log\Dispatcher.php(90): yii\base\BaseObject->__construct(Array)
#9 [internal function]: yii\log\Dispatcher->__construct(Array)
#10 D:\sites\project\gb-tracker\vendor\yiisoft\yii2\di\Container.php(383): ReflectionClass->newInstanceArgs(Array)
#11 D:\sites\project\gb-tracker\vendor\yiisoft\yii2\di\Container.php(156): yii\di\Container->build('yii\\log\\Dispatc...', Array, Array)
#12 D:\sites\project\gb-tracker\vendor\yiisoft\yii2\BaseYii.php(349): yii\di\Container->get('yii\\log\\Dispatc...', Array, Array)
#13 D:\sites\project\gb-tracker\vendor\yiisoft\yii2\di\ServiceLocator.php(137): yii\BaseYii::createObject(Array)
#14 D:\sites\project\gb-tracker\vendor\yiisoft\yii2\base\Module.php(742): yii\di\ServiceLocator->get('log', true)
#15 D:\sites\project\gb-tracker\vendor\yiisoft\yii2\base\Application.php(313): yii\base\Module->get('log')
#16 D:\sites\project\gb-tracker\vendor\yiisoft\yii2\web\Application.php(69): yii\base\Application->bootstrap()
#17 D:\sites\project\gb-tracker\vendor\yiisoft\yii2\base\Application.php(273): yii\web\Application->bootstrap()
#18 D:\sites\project\gb-tracker\vendor\yiisoft\yii2\base\BaseObject.php(109): yii\base\Application->init()
#19 D:\sites\project\gb-tracker\vendor\yiisoft\yii2\base\Application.php(206): yii\base\BaseObject->__construct(Array)
#20 D:\sites\project\gb-tracker\frontend\web\index.php(17): yii\base\Application->__construct(Array)
#21 {main}
2018-09-26 22:13:50 [127.0.0.1][-][-][info][application] $_GET = [
    'r' => 'project'
]

$_POST = []

$_FILES = []

$_COOKIE = [
    '_identity-backend' => '855eb46f4c266f2c608d66672e31d80a663336618164e3245c1164fb702d99cda:2:{i:0;s:17:\"_identity-backend\";i:1;s:46:\"[2,\"_hrS9Pv1mhhIU_UkqI1QpFyG9VrsWvWx\",2592000]\";}'
    'advanced-backend' => 'sfr4mp0qbu2qpm8f51hmk148j2'
    '_csrf-backend' => '2ee2291216af72b78444dc27e1904f0aaa8cfcd07bf2a954d685c75b1741e489a:2:{i:0;s:13:\"_csrf-backend\";i:1;s:32:\"sEczXArUAuUCb6uEsU1054LERxZ1qxTr\";}'
    'advanced-frontend' => 'qlbneo7tv3mrmrujli7d9hgjld'
    '_identity-frontend' => '67c12bd245ef907089930cb30011d45f8344c6e0104408a3cdc7052ee5f89293a:2:{i:0;s:18:\"_identity-frontend\";i:1;s:46:\"[3,\"4S9aBP1DBHK8btX_kpmbER3jKNoAJY__\",2592000]\";}'
    '_csrf-frontend' => '9338c4062aa82cd89dd2cd03b6bc9ba5fddb6bcb3d0a78e998f2ec2d15cff8f8a:2:{i:0;s:14:\"_csrf-frontend\";i:1;s:32:\"1HBi9AuXkAKrWWXKmyv3CX4FTbbvgafX\";}'
]

$_SERVER = [
    'HTTP_HOST' => 'host1'
    'HTTP_CONNECTION' => 'keep-alive'
    'HTTP_CACHE_CONTROL' => 'max-age=0'
    'HTTP_UPGRADE_INSECURE_REQUESTS' => '1'
    'HTTP_USER_AGENT' => 'Mozilla/5.0 (Windows NT 10.0; Win64; x64) AppleWebKit/537.36 (KHTML, like Gecko) Chrome/69.0.3497.100 Safari/537.36'
    'HTTP_ACCEPT' => 'text/html,application/xhtml+xml,application/xml;q=0.9,image/webp,image/apng,*/*;q=0.8'
    'HTTP_ACCEPT_ENCODING' => 'gzip, deflate'
    'HTTP_ACCEPT_LANGUAGE' => 'ru-RU,ru;q=0.9,en-GB;q=0.8,en;q=0.7,en-US;q=0.6'
    'HTTP_COOKIE' => '_identity-backend=855eb46f4c266f2c608d66672e31d80a663336618164e3245c1164fb702d99cda%3A2%3A%7Bi%3A0%3Bs%3A17%3A%22_identity-backend%22%3Bi%3A1%3Bs%3A46%3A%22%5B2%2C%22_hrS9Pv1mhhIU_UkqI1QpFyG9VrsWvWx%22%2C2592000%5D%22%3B%7D; advanced-backend=sfr4mp0qbu2qpm8f51hmk148j2; _csrf-backend=2ee2291216af72b78444dc27e1904f0aaa8cfcd07bf2a954d685c75b1741e489a%3A2%3A%7Bi%3A0%3Bs%3A13%3A%22_csrf-backend%22%3Bi%3A1%3Bs%3A32%3A%22sEczXArUAuUCb6uEsU1054LERxZ1qxTr%22%3B%7D; advanced-frontend=qlbneo7tv3mrmrujli7d9hgjld; _identity-frontend=67c12bd245ef907089930cb30011d45f8344c6e0104408a3cdc7052ee5f89293a%3A2%3A%7Bi%3A0%3Bs%3A18%3A%22_identity-frontend%22%3Bi%3A1%3Bs%3A46%3A%22%5B3%2C%224S9aBP1DBHK8btX_kpmbER3jKNoAJY__%22%2C2592000%5D%22%3B%7D; _csrf-frontend=9338c4062aa82cd89dd2cd03b6bc9ba5fddb6bcb3d0a78e998f2ec2d15cff8f8a%3A2%3A%7Bi%3A0%3Bs%3A14%3A%22_csrf-frontend%22%3Bi%3A1%3Bs%3A32%3A%221HBi9AuXkAKrWWXKmyv3CX4FTbbvgafX%22%3B%7D'
    'PATH' => 'C:\\ProgramData\\Oracle\\Java\\javapath;C:\\Program Files (x86)\\Intel\\iCLS Client\\;C:\\Program Files\\Intel\\iCLS Client\\;C:\\Windows\\system32;C:\\Windows;C:\\Windows\\System32\\Wbem;C:\\Windows\\System32\\WindowsPowerShell\\v1.0\\;C:\\Program Files (x86)\\Intel\\Intel(R) Management Engine Components\\DAL;C:\\Program Files\\Intel\\Intel(R) Management Engine Components\\DAL;C:\\Program Files (x86)\\Intel\\Intel(R) Management Engine Components\\IPT;C:\\Program Files\\Intel\\Intel(R) Management Engine Components\\IPT;C:\\Program Files (x86)\\NVIDIA Corporation\\PhysX\\Common;C:\\WINDOWS\\system32;C:\\WINDOWS;C:\\WINDOWS\\System32\\Wbem;C:\\WINDOWS\\System32\\WindowsPowerShell\\v1.0\\;C:\\Program Files (x86)\\Brackets\\command;C:\\Program Files (x86)\\PuTTY\\;C:\\Program Files\\MySQL\\MySQL Utilities 1.6\\;C:\\Program Files\\Git\\cmd;C:\\WINDOWS\\System32\\OpenSSH\\;C:\\Program Files\\nodejs\\;D:\\web\\php;C:\\ProgramData\\ComposerSetup\\bin;C:\\WINDOWS\\system32\\config\\systemprofile\\AppData\\Local\\Microsoft\\WindowsApps'
    'SystemRoot' => 'C:\\WINDOWS'
    'COMSPEC' => 'C:\\WINDOWS\\system32\\cmd.exe'
    'PATHEXT' => '.COM;.EXE;.BAT;.CMD;.VBS;.VBE;.JS;.JSE;.WSF;.WSH;.MSC'
    'WINDIR' => 'C:\\WINDOWS'
    'SERVER_SIGNATURE' => ''
    'SERVER_SOFTWARE' => 'Apache/2.4.26 (Win64) OpenSSL/1.0.2l PHP/7.1.7'
    'SERVER_NAME' => 'host1'
    'SERVER_ADDR' => '127.0.0.1'
    'SERVER_PORT' => '80'
    'REMOTE_ADDR' => '127.0.0.1'
    'DOCUMENT_ROOT' => 'D:/sites/project/gb-tracker'
    'REQUEST_SCHEME' => 'http'
    'CONTEXT_PREFIX' => ''
    'CONTEXT_DOCUMENT_ROOT' => 'D:/sites/project/gb-tracker'
    'SERVER_ADMIN' => 'webmaster@dummy-host.example.com'
    'SCRIPT_FILENAME' => 'D:/sites/project/gb-tracker/frontend/web/index.php'
    'REMOTE_PORT' => '59413'
    'GATEWAY_INTERFACE' => 'CGI/1.1'
    'SERVER_PROTOCOL' => 'HTTP/1.1'
    'REQUEST_METHOD' => 'GET'
    'QUERY_STRING' => 'r=project'
    'REQUEST_URI' => '/frontend/web/index.php?r=project'
    'SCRIPT_NAME' => '/frontend/web/index.php'
    'PHP_SELF' => '/frontend/web/index.php'
    'REQUEST_TIME_FLOAT' => 1538000030.458
    'REQUEST_TIME' => 1538000030
]
